// Generated by GNU Bison 3.8.2.
// Report bugs to <bug-bison@gnu.org>.
// Home page: <https://www.gnu.org/software/bison/>.

digraph "bison/input.y"
{
  node [fontname = courier, shape = box, colorscheme = paired6]
  edge [fontname = courier]

  0 [label="State 0\n\l  0 $accept: • programa $end\l"]
  0 -> 1 [style=solid label="ID"]
  0 -> 2 [style=dashed label="programa"]
  0 -> 3 [style=dashed label="expressio"]
  1 [label="State 1\n\l  2 expressio: ID • ASSIGN INTEGER ENDLINE\l"]
  1 -> 4 [style=solid label="ASSIGN"]
  2 [label="State 2\n\l  0 $accept: programa • $end\l"]
  2 -> 5 [style=solid label="$end"]
  3 [label="State 3\n\l  1 programa: expressio •\l"]
  3 -> "3R1" [style=solid]
 "3R1" [label="R1", fillcolor=3, shape=diamond, style=filled]
  4 [label="State 4\n\l  2 expressio: ID ASSIGN • INTEGER ENDLINE\l"]
  4 -> 6 [style=solid label="INTEGER"]
  5 [label="State 5\n\l  0 $accept: programa $end •\l"]
  5 -> "5R0" [style=solid]
 "5R0" [label="Acc", fillcolor=1, shape=diamond, style=filled]
  6 [label="State 6\n\l  2 expressio: ID ASSIGN INTEGER • ENDLINE\l"]
  6 -> 7 [style=solid label="ENDLINE"]
  7 [label="State 7\n\l  2 expressio: ID ASSIGN INTEGER ENDLINE •\l"]
  7 -> "7R2" [style=solid]
 "7R2" [label="R2", fillcolor=3, shape=diamond, style=filled]
}
